<?xml version="1.0" encoding="UTF-8"?>
<testsuite xmlns:xsi="http://www.w3.org/2001/XMLSchema-instance" xsi:noNamespaceSchemaLocation="https://maven.apache.org/surefire/maven-surefire-plugin/xsd/surefire-test-report.xsd" name="PalindromeTest" time="0.014" tests="7" errors="0" skipped="0" failures="0">
  <properties>
[...]
</properties>
  <testcase name="testWhitespaceFalseCases" classname="PalindromeTest" time="0.002"/>
  <testcase name="testCaseSensitivityCases" classname="PalindromeTest" time="0.001"/>
  <testcase name="testSimpleFalseCases" classname="PalindromeTest" time="0.001"/>
  <testcase name="testSimpleTrueCases" classname="PalindromeTest" time="0.003"/>
  <testcase name="testComplexCases" classname="PalindromeTest" time="0.001"/>
  <testcase name="testWhitespaceTrueCases" classname="PalindromeTest" time="0.001"/>
  <testcase name="testErrors" classname="PalindromeTest" time="0"/>
</testsuite>